<?xml version="1.0" encoding="utf-8" standalone="no"?>
<!--This file represents the results of running a test suite-->
<test-results name="D:\DevProject\Synap\SynapQuiz\ColumnMapperTest\bin\Debug\ColumnMapperTest.exe" total="2" errors="0" failures="0" not-run="0" inconclusive="0" ignored="0" skipped="0" invalid="0" date="2013-10-23" time="09:22:54">
  <environment nunit-version="2.6.2.12296" clr-version="2.0.50727.5472" os-version="Microsoft Windows NT 6.1.7601 Service Pack 1" platform="Win32NT" cwd="C:\Devs\Library\NUnit-2.6.2\bin" machine-name="IMPROVER-ASUS" user="Improver" user-domain="Improver-Asus" />
  <culture-info current-culture="ko-KR" current-uiculture="ko-KR" />
  <test-suite type="Assembly" name="D:\DevProject\Synap\SynapQuiz\ColumnMapperTest\bin\Debug\ColumnMapperTest.exe" executed="True" result="Success" success="True" time="0.078" asserts="0">
    <results>
      <test-suite type="Namespace" name="ColumnMapperTest" executed="True" result="Success" success="True" time="0.078" asserts="0">
        <results>
          <test-suite type="TestFixture" name="ExcelColumnMapperTest" executed="True" result="Success" success="True" time="0.062" asserts="0">
            <results>
              <test-case name="ColumnMapperTest.ExcelColumnMapperTest.ArgumentBoundaryTest" executed="True" result="Success" success="True" time="0.062" asserts="3" />
              <test-case name="ColumnMapperTest.ExcelColumnMapperTest.InRangeTest" executed="True" result="Success" success="True" time="0.000" asserts="63" />
            </results>
          </test-suite>
        </results>
      </test-suite>
    </results>
  </test-suite>
</test-results>